{
  message: 'Database is connected successfully!',
  level: 'info',
  label: 'Bangla University Management',
  timestamp: '2023-11-09T01:12:23.637Z'
}
{
  message: 'Application listening on port 5000',
  level: 'info',
  label: 'Bangla University Management',
  timestamp: '2023-11-09T01:12:23.653Z'
}
{
  message: 'Database is connected successfully!',
  level: 'info',
  label: 'Bangla University Management',
  timestamp: '2023-11-09T01:17:22.963Z'
}
{
  message: 'Application listening on port 5000',
  level: 'info',
  label: 'Bangla University Management',
  timestamp: '2023-11-09T01:17:22.972Z'
}
{
  message: 'Database is connected successfully!',
  level: 'info',
  label: 'Bangla University Management',
  timestamp: '2023-11-09T01:18:49.447Z'
}
{
  message: 'Application listening on port 5000',
  level: 'info',
  label: 'Bangla University Management',
  timestamp: '2023-11-09T01:18:49.470Z'
}
{
  message: 'Database is connected successfully!',
  level: 'info',
  label: 'Bangla University Management',
  timestamp: '2023-11-09T01:20:20.248Z'
}
{
  message: 'Application listening on port 5000',
  level: 'info',
  label: 'Bangla University Management',
  timestamp: '2023-11-09T01:20:20.262Z'
}
{
  message: 'Database is connected successfully!',
  level: 'info',
  label: 'Bangla University Management',
  timestamp: '2023-11-09T01:22:35.011Z'
}
{
  message: 'Application listening on port 5000',
  level: 'info',
  label: 'Bangla University Management',
  timestamp: '2023-11-09T01:22:35.026Z'
}
{
  message: 'Database is connected successfully!',
  level: 'info',
  label: 'Bangla University Management',
  timestamp: '2023-11-09T01:23:15.249Z'
}
{
  message: 'Application listening on port 5000',
  level: 'info',
  label: 'Bangla University Management',
  timestamp: '2023-11-09T01:23:15.260Z'
}
{
  message: 'Database is connected successfully!',
  level: 'info',
  label: 'Bangla University Management',
  timestamp: '2023-11-09T01:26:41.878Z'
}
{
  message: 'Application listening on port 5000',
  level: 'info',
  label: 'Bangla University Management',
  timestamp: '2023-11-09T01:26:41.886Z'
}
{
  message: 'Database is connected successfully!',
  level: 'info',
  label: 'Bangla University Management',
  timestamp: '2023-11-09T01:28:14.437Z'
}
{
  message: 'Application listening on port 5000',
  level: 'info',
  label: 'Bangla University Management',
  timestamp: '2023-11-09T01:28:14.455Z'
}
{
  message: 'Database is connected successfully!',
  level: 'info',
  label: 'Bangla University Management',
  timestamp: '2023-11-09T01:28:47.817Z'
}
{
  message: 'Application listening on port 5000',
  level: 'info',
  label: 'Bangla University Management',
  timestamp: '2023-11-09T01:28:47.827Z'
}
{
  message: 'Database is connected successfully!',
  level: 'info',
  label: 'Bangla University Management',
  timestamp: '2023-11-09T01:29:11.933Z'
}
{
  message: 'Application listening on port 5000',
  level: 'info',
  label: 'Bangla University Management',
  timestamp: '2023-11-09T01:29:11.946Z'
}
{
  message: 'Database is connected successfully!',
  level: 'info',
  label: 'Bangla University Management',
  timestamp: '2023-11-09T01:29:20.342Z'
}
{
  message: 'Application listening on port 5000',
  level: 'info',
  label: 'Bangla University Management',
  timestamp: '2023-11-09T01:29:20.370Z'
}
{
  message: 'Database is connected successfully!',
  level: 'info',
  label: 'Bangla University Management',
  timestamp: '2023-11-09T01:31:44.411Z'
}
{
  message: 'Application listening on port 5000',
  level: 'info',
  label: 'Bangla University Management',
  timestamp: '2023-11-09T01:31:44.429Z'
}
