{
  message: 'Database is connected successfully!',
  level: 'info',
  label: 'Bangla University Management',
  timestamp: '2023-11-16T01:34:37.644Z'
}
{
  message: 'Application listening on port 5000',
  level: 'info',
  label: 'Bangla University Management',
  timestamp: '2023-11-16T01:34:37.755Z'
}
{
  message: 'Database is connected successfully!',
  level: 'info',
  label: 'Bangla University Management',
  timestamp: '2023-11-16T01:36:48.675Z'
}
{
  message: 'Application listening on port 5000',
  level: 'info',
  label: 'Bangla University Management',
  timestamp: '2023-11-16T01:36:48.747Z'
}
{
  message: 'Database is connected successfully!',
  level: 'info',
  label: 'Bangla University Management',
  timestamp: '2023-11-16T01:39:12.993Z'
}
{
  message: 'Application listening on port 5000',
  level: 'info',
  label: 'Bangla University Management',
  timestamp: '2023-11-16T01:39:13.030Z'
}
{
  message: 'Database is connected successfully!',
  level: 'info',
  label: 'Bangla University Management',
  timestamp: '2023-11-16T01:39:36.297Z'
}
{
  message: 'Application listening on port 5000',
  level: 'info',
  label: 'Bangla University Management',
  timestamp: '2023-11-16T01:39:36.375Z'
}
{
  message: 'Database is connected successfully!',
  level: 'info',
  label: 'Bangla University Management',
  timestamp: '2023-11-16T01:39:52.610Z'
}
{
  message: 'Application listening on port 5000',
  level: 'info',
  label: 'Bangla University Management',
  timestamp: '2023-11-16T01:39:52.646Z'
}
{
  message: 'Database is connected successfully!',
  level: 'info',
  label: 'Bangla University Management',
  timestamp: '2023-11-16T01:40:32.547Z'
}
{
  message: 'Application listening on port 5000',
  level: 'info',
  label: 'Bangla University Management',
  timestamp: '2023-11-16T01:40:32.589Z'
}
{
  message: 'Database is connected successfully!',
  level: 'info',
  label: 'Bangla University Management',
  timestamp: '2023-11-16T01:40:41.496Z'
}
{
  message: 'Application listening on port 5000',
  level: 'info',
  label: 'Bangla University Management',
  timestamp: '2023-11-16T01:40:41.534Z'
}
{
  message: 'Database is connected successfully!',
  level: 'info',
  label: 'Bangla University Management',
  timestamp: '2023-11-16T01:40:56.345Z'
}
{
  message: 'Application listening on port 5000',
  level: 'info',
  label: 'Bangla University Management',
  timestamp: '2023-11-16T01:40:56.405Z'
}
{
  message: 'Database is connected successfully!',
  level: 'info',
  label: 'Bangla University Management',
  timestamp: '2023-11-16T01:41:34.659Z'
}
{
  message: 'Application listening on port 5000',
  level: 'info',
  label: 'Bangla University Management',
  timestamp: '2023-11-16T01:41:34.700Z'
}
{
  message: 'Database is connected successfully!',
  level: 'info',
  label: 'Bangla University Management',
  timestamp: '2023-11-16T01:52:46.777Z'
}
{
  message: 'Application listening on port 5000',
  level: 'info',
  label: 'Bangla University Management',
  timestamp: '2023-11-16T01:52:46.927Z'
}
{
  message: 'Database is connected successfully!',
  level: 'info',
  label: 'Bangla University Management',
  timestamp: '2023-11-16T01:55:10.225Z'
}
{
  message: 'Application listening on port 5000',
  level: 'info',
  label: 'Bangla University Management',
  timestamp: '2023-11-16T01:55:10.327Z'
}
{
  message: 'Database is connected successfully!',
  level: 'info',
  label: 'Bangla University Management',
  timestamp: '2023-11-16T01:57:06.552Z'
}
{
  message: 'Application listening on port 5000',
  level: 'info',
  label: 'Bangla University Management',
  timestamp: '2023-11-16T01:57:06.614Z'
}
{
  message: 'Database is connected successfully!',
  level: 'info',
  label: 'Bangla University Management',
  timestamp: '2023-11-16T01:58:34.122Z'
}
{
  message: 'Application listening on port 5000',
  level: 'info',
  label: 'Bangla University Management',
  timestamp: '2023-11-16T01:58:34.154Z'
}
{
  message: 'Database is connected successfully!',
  level: 'info',
  label: 'Bangla University Management',
  timestamp: '2023-11-16T01:59:33.078Z'
}
{
  message: 'Application listening on port 5000',
  level: 'info',
  label: 'Bangla University Management',
  timestamp: '2023-11-16T01:59:33.142Z'
}
