{
  message: 'Database is connected successfully!',
  level: 'info',
  label: 'Bangla University Management',
  timestamp: '2023-11-17T05:02:57.236Z'
}
{
  message: 'Application listening on port 5000',
  level: 'info',
  label: 'Bangla University Management',
  timestamp: '2023-11-17T05:02:57.261Z'
}
{
  message: 'Database is connected successfully!',
  level: 'info',
  label: 'Bangla University Management',
  timestamp: '2023-11-17T05:05:46.569Z'
}
{
  message: 'Application listening on port 5000',
  level: 'info',
  label: 'Bangla University Management',
  timestamp: '2023-11-17T05:05:46.592Z'
}
{
  message: 'Database is connected successfully!',
  level: 'info',
  label: 'Bangla University Management',
  timestamp: '2023-11-17T05:06:54.441Z'
}
{
  message: 'Application listening on port 5000',
  level: 'info',
  label: 'Bangla University Management',
  timestamp: '2023-11-17T05:06:54.469Z'
}
{
  message: 'Database is connected successfully!',
  level: 'info',
  label: 'Bangla University Management',
  timestamp: '2023-11-17T05:07:17.961Z'
}
{
  message: 'Application listening on port 5000',
  level: 'info',
  label: 'Bangla University Management',
  timestamp: '2023-11-17T05:07:17.986Z'
}
{
  message: 'Database is connected successfully!',
  level: 'info',
  label: 'Bangla University Management',
  timestamp: '2023-11-17T05:08:57.466Z'
}
{
  message: 'Application listening on port 5000',
  level: 'info',
  label: 'Bangla University Management',
  timestamp: '2023-11-17T05:08:57.493Z'
}
{
  message: 'Database is connected successfully!',
  level: 'info',
  label: 'Bangla University Management',
  timestamp: '2023-11-17T05:10:01.858Z'
}
{
  message: 'Application listening on port 5000',
  level: 'info',
  label: 'Bangla University Management',
  timestamp: '2023-11-17T05:10:01.880Z'
}
{
  message: 'Database is connected successfully!',
  level: 'info',
  label: 'Bangla University Management',
  timestamp: '2023-11-17T05:20:27.231Z'
}
{
  message: 'Application listening on port 5000',
  level: 'info',
  label: 'Bangla University Management',
  timestamp: '2023-11-17T05:20:27.257Z'
}
{
  message: 'Database is connected successfully!',
  level: 'info',
  label: 'Bangla University Management',
  timestamp: '2023-11-17T05:23:47.514Z'
}
{
  message: 'Application listening on port 5000',
  level: 'info',
  label: 'Bangla University Management',
  timestamp: '2023-11-17T05:23:47.535Z'
}
{
  message: 'Database is connected successfully!',
  level: 'info',
  label: 'Bangla University Management',
  timestamp: '2023-11-17T05:25:38.621Z'
}
{
  message: 'Application listening on port 5000',
  level: 'info',
  label: 'Bangla University Management',
  timestamp: '2023-11-17T05:25:38.636Z'
}
{
  message: 'Database is connected successfully!',
  level: 'info',
  label: 'Bangla University Management',
  timestamp: '2023-11-17T05:29:50.522Z'
}
{
  message: 'Application listening on port 5000',
  level: 'info',
  label: 'Bangla University Management',
  timestamp: '2023-11-17T05:29:50.539Z'
}
{
  message: 'Database is connected successfully!',
  level: 'info',
  label: 'Bangla University Management',
  timestamp: '2023-11-17T05:38:46.394Z'
}
{
  message: 'Application listening on port 5000',
  level: 'info',
  label: 'Bangla University Management',
  timestamp: '2023-11-17T05:38:46.408Z'
}
{
  message: 'Database is connected successfully!',
  level: 'info',
  label: 'Bangla University Management',
  timestamp: '2023-11-17T05:41:04.775Z'
}
{
  message: 'Application listening on port 5000',
  level: 'info',
  label: 'Bangla University Management',
  timestamp: '2023-11-17T05:41:04.795Z'
}
{
  message: 'Database is connected successfully!',
  level: 'info',
  label: 'Bangla University Management',
  timestamp: '2023-11-17T05:41:38.101Z'
}
{
  message: 'Application listening on port 5000',
  level: 'info',
  label: 'Bangla University Management',
  timestamp: '2023-11-17T05:41:38.123Z'
}
{
  message: 'Database is connected successfully!',
  level: 'info',
  label: 'Bangla University Management',
  timestamp: '2023-11-17T05:42:29.915Z'
}
{
  message: 'Application listening on port 5000',
  level: 'info',
  label: 'Bangla University Management',
  timestamp: '2023-11-17T05:42:29.949Z'
}
{
  message: 'Database is connected successfully!',
  level: 'info',
  label: 'Bangla University Management',
  timestamp: '2023-11-17T05:44:20.252Z'
}
{
  message: 'Application listening on port 5000',
  level: 'info',
  label: 'Bangla University Management',
  timestamp: '2023-11-17T05:44:20.270Z'
}
{
  message: 'Database is connected successfully!',
  level: 'info',
  label: 'Bangla University Management',
  timestamp: '2023-11-17T05:44:26.616Z'
}
{
  message: 'Application listening on port 5000',
  level: 'info',
  label: 'Bangla University Management',
  timestamp: '2023-11-17T05:44:26.642Z'
}
{
  message: 'Database is connected successfully!',
  level: 'info',
  label: 'Bangla University Management',
  timestamp: '2023-11-17T05:45:18.852Z'
}
{
  message: 'Application listening on port 5000',
  level: 'info',
  label: 'Bangla University Management',
  timestamp: '2023-11-17T05:45:18.881Z'
}
{
  message: 'Database is connected successfully!',
  level: 'info',
  label: 'Bangla University Management',
  timestamp: '2023-11-17T05:46:28.058Z'
}
{
  message: 'Application listening on port 5000',
  level: 'info',
  label: 'Bangla University Management',
  timestamp: '2023-11-17T05:46:28.069Z'
}
{
  message: 'Database is connected successfully!',
  level: 'info',
  label: 'Bangla University Management',
  timestamp: '2023-11-17T05:46:53.357Z'
}
{
  message: 'Application listening on port 5000',
  level: 'info',
  label: 'Bangla University Management',
  timestamp: '2023-11-17T05:46:53.381Z'
}
{
  message: 'Database is connected successfully!',
  level: 'info',
  label: 'Bangla University Management',
  timestamp: '2023-11-17T05:47:24.649Z'
}
{
  message: 'Application listening on port 5000',
  level: 'info',
  label: 'Bangla University Management',
  timestamp: '2023-11-17T05:47:24.668Z'
}
{
  message: 'Database is connected successfully!',
  level: 'info',
  label: 'Bangla University Management',
  timestamp: '2023-11-17T05:47:42.782Z'
}
{
  message: 'Application listening on port 5000',
  level: 'info',
  label: 'Bangla University Management',
  timestamp: '2023-11-17T05:47:42.804Z'
}
{
  message: 'Database is connected successfully!',
  level: 'info',
  label: 'Bangla University Management',
  timestamp: '2023-11-17T05:50:12.293Z'
}
{
  message: 'Application listening on port 5000',
  level: 'info',
  label: 'Bangla University Management',
  timestamp: '2023-11-17T05:50:12.303Z'
}
{
  message: 'Database is connected successfully!',
  level: 'info',
  label: 'Bangla University Management',
  timestamp: '2023-11-17T05:50:54.568Z'
}
{
  message: 'Application listening on port 5000',
  level: 'info',
  label: 'Bangla University Management',
  timestamp: '2023-11-17T05:50:54.583Z'
}
{
  message: 'Database is connected successfully!',
  level: 'info',
  label: 'Bangla University Management',
  timestamp: '2023-11-17T05:51:21.311Z'
}
{
  message: 'Application listening on port 5000',
  level: 'info',
  label: 'Bangla University Management',
  timestamp: '2023-11-17T05:51:21.341Z'
}
{
  message: 'Database is connected successfully!',
  level: 'info',
  label: 'Bangla University Management',
  timestamp: '2023-11-17T05:51:26.741Z'
}
{
  message: 'Application listening on port 5000',
  level: 'info',
  label: 'Bangla University Management',
  timestamp: '2023-11-17T05:51:26.761Z'
}
{
  message: 'Database is connected successfully!',
  level: 'info',
  label: 'Bangla University Management',
  timestamp: '2023-11-17T05:52:05.717Z'
}
{
  message: 'Application listening on port 5000',
  level: 'info',
  label: 'Bangla University Management',
  timestamp: '2023-11-17T05:52:05.748Z'
}
{
  message: 'Database is connected successfully!',
  level: 'info',
  label: 'Bangla University Management',
  timestamp: '2023-11-17T05:52:16.719Z'
}
{
  message: 'Application listening on port 5000',
  level: 'info',
  label: 'Bangla University Management',
  timestamp: '2023-11-17T05:52:16.750Z'
}
{
  message: 'Database is connected successfully!',
  level: 'info',
  label: 'Bangla University Management',
  timestamp: '2023-11-17T05:58:10.146Z'
}
{
  message: 'Application listening on port 5000',
  level: 'info',
  label: 'Bangla University Management',
  timestamp: '2023-11-17T05:58:10.168Z'
}
{
  message: 'Database is connected successfully!',
  level: 'info',
  label: 'Bangla University Management',
  timestamp: '2023-11-17T05:58:23.772Z'
}
{
  message: 'Application listening on port 5000',
  level: 'info',
  label: 'Bangla University Management',
  timestamp: '2023-11-17T05:58:23.790Z'
}
{
  message: 'Database is connected successfully!',
  level: 'info',
  label: 'Bangla University Management',
  timestamp: '2023-11-17T05:59:22.601Z'
}
{
  message: 'Application listening on port 5000',
  level: 'info',
  label: 'Bangla University Management',
  timestamp: '2023-11-17T05:59:22.620Z'
}
{
  message: 'Database is connected successfully!',
  level: 'info',
  label: 'Bangla University Management',
  timestamp: '2023-11-17T05:59:57.645Z'
}
{
  message: 'Application listening on port 5000',
  level: 'info',
  label: 'Bangla University Management',
  timestamp: '2023-11-17T05:59:57.674Z'
}
